Cocos2d: 
<dict>
	cocos2d.x.version: quick-cocos2d-x 2.2.6
	cocos2d.x.compiled_with_profiler: false
	cocos2d.x.compiled_with_gl_state_cache: true
	gl.vendor: NVIDIA Corporation
	gl.renderer: NVIDIA GeForce GT 750M OpenGL Engine
	gl.version: 2.1 NVIDIA-10.0.43 310.41.05f01
	gl.max_texture_size: 16384
	gl.max_texture_units: 16
	gl.supports_PVRTC: false
	gl.supports_NPOT: true
	gl.supports_BGRA8888: false
	gl.supports_discard_framebuffer: false
	gl.supports_vertex_array_object: true
</dict>
Cocos2d: lua_loadChunksFromZIP() - load zip file: /Users/zz/Documents/gitlab/quick-2-2-6/lib/framework_precompiled/framework_precompiled.zip
Cocos2d: lua_loadChunksFromZIP() - loaded chunks count: 123
Cocos2d: ------------------------------------------------
Cocos2d: LOAD LUA FILE: /Users/zz/Documents/gitlab/spinecheck/scripts/main.lua
Cocos2d: ------------------------------------------------
Cocos2d: [0.0299] [INFO] 
Cocos2d: [0.0300] [INFO] # DEBUG                        = 1
Cocos2d: [0.0300] [INFO] #
Cocos2d: [0.0300] [INFO] # device.platform              = mac
Cocos2d: [0.0300] [INFO] # device.model                 = unknown
Cocos2d: [0.0300] [INFO] # device.language              = cn
Cocos2d: [0.0300] [INFO] # device.writablePath          = /Users/zz/Documents/gitlab/spinecheck/
Cocos2d: [0.0300] [INFO] # device.cachePath             = /Users/zz/Documents/gitlab/spinecheck/
Cocos2d: [0.0300] [INFO] # device.directorySeparator    = /
Cocos2d: [0.0300] [INFO] # device.pathSeparator         = :
Cocos2d: [0.0300] [INFO] #
Cocos2d: [0.0311] [INFO] # CONFIG_SCREEN_AUTOSCALE      = FIXED_WIDTH
Cocos2d: [0.0311] [INFO] # CONFIG_SCREEN_WIDTH          = 1280.00
Cocos2d: [0.0311] [INFO] # CONFIG_SCREEN_HEIGHT         = 853.33
Cocos2d: [0.0311] [INFO] # display.widthInPixels        = 960.00
Cocos2d: [0.0311] [INFO] # display.heightInPixels       = 640.00
Cocos2d: [0.0311] [INFO] # display.contentScaleFactor   = 0.75
Cocos2d: [0.0311] [INFO] # display.width                = 1280.00
Cocos2d: [0.0311] [INFO] # display.height               = 853.33
Cocos2d: [0.0311] [INFO] # display.cx                   = 640.00
Cocos2d: [0.0312] [INFO] # display.cy                   = 426.67
Cocos2d: [0.0312] [INFO] # display.left                 = 0.00
Cocos2d: [0.0312] [INFO] # display.right                = 1280.00
Cocos2d: [0.0312] [INFO] # display.top                  = 853.33
Cocos2d: [0.0312] [INFO] # display.bottom               = 0.00
Cocos2d: [0.0312] [INFO] # display.c_left               = -640.00
Cocos2d: [0.0312] [INFO] # display.c_right              = 640.00
Cocos2d: [0.0312] [INFO] # display.c_top                = 426.67
Cocos2d: [0.0312] [INFO] # display.c_bottom             = -426.67
Cocos2d: [0.0312] [INFO] #
Cocos2d: [0.0399] [DEPRECATED] module api.GameState is deprecated, please use cc.utils.State
Cocos2d: [0.0401] [INFO] GameState.load() - get values from "/Users/zz/Documents/gitlab/spinecheck/default.bin"
Cocos2d: [0.1139] 读取unit数据:1001
Cocos2d: [0.1141] 读取unit数据:1002
Cocos2d: [0.1144] 读取unit数据:1003
Cocos2d: [0.1146] 读取unit数据:1004
Cocos2d: [0.1149] 读取unit数据:1005
Cocos2d: [0.1151] 读取unit数据:1008
Cocos2d: [0.1153] 读取unit数据:1009
Cocos2d: [0.1155] 读取unit数据:1010
Cocos2d: [0.1157] 读取unit数据:1011
Cocos2d: [0.1159] 读取unit数据:1012
Cocos2d: [0.1161] 读取unit数据:1013
Cocos2d: [0.1163] 读取unit数据:1015
Cocos2d: [0.1165] 读取unit数据:1017
Cocos2d: [0.1167] 读取unit数据:1020
Cocos2d: [0.1169] 读取unit数据:1021
Cocos2d: [0.1171] 读取unit数据:1023
Cocos2d: [0.1172] 读取unit数据:1024
Cocos2d: [0.1174] 读取unit数据:1025
Cocos2d: [0.1176] 读取unit数据:1027
Cocos2d: [0.1178] 读取unit数据:1028
Cocos2d: [0.1180] 读取unit数据:1029
Cocos2d: [0.1182] 读取unit数据:2001
Cocos2d: [0.1184] 读取unit数据:2002
Cocos2d: [0.1186] 读取unit数据:2003
Cocos2d: [0.1188] 读取unit数据:2004
Cocos2d: [0.1190] 读取unit数据:2005
Cocos2d: [0.1192] 读取unit数据:2006
Cocos2d: [0.1194] 读取unit数据:2007
Cocos2d: [0.1196] 读取unit数据:2008
Cocos2d: [0.1198] 读取unit数据:2009
Cocos2d: [0.1200] 读取unit数据:2010
Cocos2d: [0.1202] 读取unit数据:2011
Cocos2d: [0.1203] 读取unit数据:2012
Cocos2d: [0.1205] 读取unit数据:2013
Cocos2d: [0.1207] 读取unit数据:2014
Cocos2d: [0.1210] 读取unit数据:2015
Cocos2d: [0.1211] 读取unit数据:2016
Cocos2d: [0.1213] 读取unit数据:3001
Cocos2d: [0.1215] 读取unit数据:3002
Cocos2d: [0.1217] 读取unit数据:4001
Cocos2d: [0.1218] 读取unit数据:4002
Cocos2d: [0.1218] 读取unit数据:4003
Cocos2d: [0.2493] 666666===  61
Cocos2d: [0.2856] BattleScene @@@@@@@@@@!!!!!!!!!!!!!
Cocos2d: CCHTTPRequest[0x0001] - create request with url: http://www.google-analytics.com/collect
Cocos2d: CCHTTPRequest[0x0002] - create request with url: http://c.kp747.com/k.js?id=c1e060d0a0e0e207
Cocos2d: [0.5136] --feng-- /Users/zz/Documents/gitlab/spinecheck/
Cocos2d: [0.5546] --feng-- createAnimatonsBt
Cocos2d: [0.5546] $$$$$$$$$$$$$$$$$$$$$$$$$
+1 [standby]
+2 [move]
+3 [damaged]
+4 [attack2]
+5 [attack3]
+6 [victory]
+7 [skill]
+8 [dead]
+9 [attack]
Cocos2d: [0.5619] --feng-- onEnter()
Cocos2d: CCHTTPRequest[0x0002] - request removed
Cocos2d: CCHTTPRequest[0x0002] - request removed
Cocos2d: [3.4740] 触发lua中startListener回调trackIndex=1,trackName=standby

Cocos2d: [3.7559] 触发lua中endListener回调trackIndex=1 ,trackName=standby

Cocos2d: [3.7559] 触发lua中startListener回调trackIndex=2,trackName=move

Cocos2d: [4.0564] 触发lua中endListener回调trackIndex=2 ,trackName=move

Cocos2d: [4.0564] 触发lua中startListener回调trackIndex=3,trackName=damaged

Cocos2d: [5.0584] 触发lua中completeListener回调trackIndex=3,loopcount=1,trackName=damaged

Cocos2d: [5.0913] 触发lua中endListener回调trackIndex=3 ,trackName=damaged

Cocos2d: [21.2377] 触发lua中startListener回调trackIndex=1,trackName=standby

Cocos2d: [23.1084] 触发lua中completeListener回调trackIndex=1,loopcount=1,trackName=standby

Cocos2d: [23.1275] 触发lua中endListener回调trackIndex=1 ,trackName=standby

Cocos2d: [31.0180] 触发lua中startListener回调trackIndex=1,trackName=standby

Cocos2d: [31.9023] 触发lua中endListener回调trackIndex=1 ,trackName=standby

Cocos2d: [31.9024] 触发lua中startListener回调trackIndex=2,trackName=move

Cocos2d: [32.7072] 触发lua中completeListener回调trackIndex=2,loopcount=1,trackName=move

Cocos2d: [32.7369] 触发lua中endListener回调trackIndex=2 ,trackName=move

Cocos2d: [33.6237] 触发lua中startListener回调trackIndex=1,trackName=standby

Cocos2d: [35.4900] 触发lua中completeListener回调trackIndex=1,loopcount=1,trackName=standby

Cocos2d: [35.5229] 触发lua中endListener回调trackIndex=1 ,trackName=standby

